      aay125
      abl905
      abz555
      acx320
      ado018
      aei232
      aeo396
      agf167
      agf807
      ahd227
      ahf823
      ahi433
      aju722
      akh247
      amg542
      amj052
      amn534
      aom214
      aop971
      aow465
      apc665
      aqv032
      aqw912
      arq131
      asv947
      atc
      atc1
      auv298
      ava801
      avahi
      avb984
      avy834
      avz223
      awa794
      awd768
      axh733
      axj632
      axx033
      axx715
      ayb113
      azm371
      backup
      bas710
      bbp777
      bct105
      bda508
      bdf749
      bdv658
      bee416
      bej579
      bfk017
      bgi872
      bgq406
      bgx822
      bhd445
      bhogan
      bin
      bio185
      biv526
      bjh112
      bks808
      bkz603
      bld783
      bmo973
      bob2017
      bod981
      bon733
      boppana
      bow222
      brn395
      bru003
      bsx745
      btl960
      bur345
      buv244
      bwi912
      bws571
      bxb760
      bxw372
      bylander
      byq851
      caa438
      cao241
      cba826
      cbr000
      ccm296
      cdd105
      cee583
      cfh734
      cig399
      cjl102
      cko441
      cks392
      ckw273
      classque
      clq415
      cmg294
      cmo911
      cmurphy
      cnn540
      cnu405
      cof152
      colord
      cou294
      cqb212
      cqo853
      cre023
      cs1033
      cs2073
      cs3443
      cs3733a
      cs5513
      cse894
      ctg360
      cux144
      cvt133
      cwe982
      cwk199
      cxk437
      cyg466
      cyr471
      cza267
      czs721
      daemon
      dan574
      dat986
      dba049
      dbi047
      dbi142
      dcn305
      ddb477
      ddd049
      dds891
      deo823
      dfb879
      dgh105
      did326
      dif755
      djb908
      dju401
      dkf812
      dkz503
      dnsmasq
      dnu063
      doc215
      dpa370
      dqb289
      dqv124
      dqx443
      drj317
      drj962
      drs721
      duq350
      duv321
      dvr218
      dvz710
      dwa105
      dwl306
      dxe279
      dxv541
      dyn176
      dyu035
      dzf431
      dzhu
      dzy326
      eay515
      ecs424
      eds464
      eeo072
      eev899
      eez748
      eft434
      efv744
      ehf110
      ehj211
      ehn207
      ejx994
      ekc276
      ekh437
      ekp292
      ekx763
      elj354
      elv495
      emj435
      eny167
      eof443
      eoo321
      epx222
      eqa974
      eqc049
      eqd434
      eqs957
      ert283
      esd529
      esf704
      esv978
      ete727
      etz923
      euw112
      exi974
      exy549
      eyg338
      eyu473
      fah146
      fay787
      fbd428
      fcv973
      fdo636
      feb634
      fernandez
      ffs800
      fgd806
      fgu365
      fhh539
      fiu289
      fjh531
      fjl528
      fjs138
      fls146
      fmj099
      fmk344
      fnv021
      foc727
      fpf533
      fpj755
      fps305
      fqb462
      fqf868
      frg894
      fsg383
      fsm141
      fto145
      fup563
      fva001
      fwy641
      fwy843
      fxc787
      fyf659
      fyo023
      fzo811
      fzt278
      gah077
      gaj223
      gamedev
      games
      gap067
      gas979
      gbr461
      gbr790
      gbwhite
      gco267
      gdg843
      gdp629
      gdy273
      gel982
      gfa068
      gfr995
      gfu101
      ghd099
      gij817
      gjg321
      gkh908
      gmb747
      gnats
      gon230
      gov380
      goz378
      gpq110
      gpy161
      gsd342
      gsu000
      gsw829
      gtd813
      gtq090
      gvf430
      gvl674
      gvy734
      gxj127
      gxn513
      gxp895
      gyj140
      gzm916
      gzn680
      gzo682
      haa732
      ham915
      haw596
      hcj923
      hea690
      hep483
      hep852
      hfk870
      hhk991
      hih451
      hjt210
      hkl033
      hlh765
      hlh915
      hml267
      hmu981
      hmy597
      hnu087
      hou165
      hov611
      hplip
      hpv440
      hqc587
      hqe380
      hqg339
      hqm245
      hrx876
      hsg048
      hsp956
      hto735
      hts894
      hua647
      huh550
      hut049
      hvm851
      hwm008
      hww134
      hxx392
      hyq004
      ial272
      ial812
      ibw125
      ibw719
      icw212
      iec836
      ieh506
      iff539
      ifh857
      ifw098
      ign929
      ihq300
      ihu203
      iia151
      iij790
      ijh213
      ikr216
      iks460
      iky188
      ilg531
      ilq911
      imw443
      inv892
      ion974
      ior298
      iou957
      iph343
      ipo740
      ipy093
      ipy345
      ipz488
      iqc287
      iqi184
      irc
      iri852
      irn556
      iry020
      isr830
      itp991
      ivd571
      ivq495
      ivt030
      iwr157
      ixn211
      ixq321
      ixs644
      izp727
      jae850
      jbl684
      jbu904
      jbu996
      jcq340
      jcr856
      jcu032
      jcz867
      jda740
      jdw512
      jfg119
      jfl014
      jfy390
      jgi302
      jgj308
      jgl270
      jgt954
      jhc025
      jhi286
      jip624
      jir292
      jjd665
      jjh088
      jky266
      jlh340
      jni418
      jof596
      joh531
      jol754
      jon528
      jortiz
      jox167
      jpl499
      jpp863
      jpq
      jpy640
      jqn693
      jqz831
      jrt917
      jruan
      jrz662
      js05
      js06
      js09
      js10
      js11
      js12
      js14
      js15
      js16
      js17
      js18
      js19
      js20
      js21
      js23
      js24
      js25
      js26
      js27
      js28
      js29
      js30
      js31
      js32
      js34
      js35
      js36
      js37
      js38
      js39
      js41
      js42
      js43
      js44
      js45
      jsherett
      jsr428
      jtp202
      jtq509
      jue070
      jvx428
      jwn198
      jwu199
      jxw225
      jyw543
      kbaldor
      kbd357
      kbm846
      kbs997
      kcf606
      kcs805
      kdi542
      kdx655
      kea051
      kec460
      kernoops
      kgk363
      kie476
      kio030
      kjj407
      kkb287
      kku491
      kkx476
      kls288
      kls495
      kml206
      knl865
      koq441
      korkmaz
      kpb418
      kpc541
      kqs375
      krishnan
      krobbins
      kru239
      ktr526
      kts306
      kvf069
      kvn137
      kwu945
      kwy712
      kxa000
      kxo254
      kyh871
      kzl459
      kzy768
      laa814
      landscape
      law159
      lbx430
      ldt409
      lea470
      lfp128
      lgf893
      lgx798
      lgy513
      lhm067
      libuuid
      lightdm
      list
      lka318
      lkb998
      lkl645
      lmf268
      lmk163
      lmk524
      lmn022
      lmq224
      lp
      lpt913
      lpv632
      lqu037
      lqw880
      lrt285
      lrv966
      lsh560
      lsj865
      lsk270
      lto243
      ltv880
      lup726
      luu797
      lvd758
      lvz132
      lwc696
      lwj027
      lwr014
      lxj682
      lxy533
      lym192
      mail
      man
      mat574
      maynard
      mba737
      mci538
      mdoderer
      mdr814
      mdt455
      mei863
      mek442
      messagebus
      mez018
      mfa116
      mfq426
      mgd473
      mgh190
      mik026
      miw697
      mjv701
      mkh715
      mki259
      mkp287
      mle875
      mli228
      mlt515
      mlw374
      mme827
      mne620
      mnv284
      moe316
      mpr812
      mqj873
      mqt014
      mqw545
      mrm675
      mrobinso
      mua077
      muq076
      muzahid
      mve673
      mwn709
      mwp790
      mww144
      mxf942
      mxl922
      myn562
      myu
      mzp720
      nar518
      ned856
      ner796
      netadmin
      news
      ney558
      nfg465
      ngc849
      ngi045
      ngy174
      nhm833
      niu
      nja859
      nkh510
      nkim
      nlq431
      nmp172
      nmx603
      nnj187
      nobody
      npz660
      ntk860
      ntp
      nue338
      nuh179
      num945
      nux749
      nuy300
      nve814
      nvf232
      nvu913
      nwq225
      nxw010
      nzh400
      nzt280
      nzx561
      nzx844
      oaj425
      obd084
      oca485
      oco405
      odi859
      oea137
      oee864
      oeg462
      oek437
      oeo383
      ohv984
      okf163
      okz672
      omu075
      onp955
      ooj459
      opk269
      opn630
      oqf286
      oqj537
      ore701
      orl518
      osg777
      otr946
      otw714
      ovk344
      owd662
      oxj468
      oxs383
      oyj723
      ozn719
      pao952
      pbb749
      pbh089
      pcf266
      pci378
      pck247
      pep565
      pep605
      pfj031
      pfv610
      pgl275
      phf818
      pik355
      pjk053
      pjo597
      pjt548
      pkd393
      pke839
      pkj363
      pky904
      plama
      pmf380
      pmh175
      pmp099
      pnf144
      pnq714
      poi889
      postfix
      ppb700
      ppe380
      ppg583
      ppk295
      prn180
      proxy
      prz719
      psa562
      pso028
      psw609
      pth024
      puj049
      pulse
      pur489
      pxh304
      pyn109
      pys021
      pyu612
      pyy752
      pzv931
      qbc030
      qbe077
      qcy166
      qdv823
      qed252
      qer419
      qfk367
      qhn756
      qhu044
      qif290
      qitian
      qiw407
      qjv007
      qkz764
      qle458
      qlj814
      qmg672
      qmq016
      qmt916
      qna719
      qnt041
      qnv639
      qog092
      qot590
      qox385
      qpp336
      qpz027
      qqq362
      qqw556
      qqy077
      qrg457
      qro175
      qrw617
      qsn295
      qte044
      qtg729
      qtu977
      qvb859
      qvd939
      qwl123
      qwo781
      qxu742
      qxz631
      qyh075
      ras759
      rav802
      rbm606
      rboppana
      rcx653
      rdx305
      ree910
      ren268
      rfa261
      rfc061
      rfg912
      rfu240
      rgm591
      rgs703
      rha799
      rid487
      riq955
      riw525
      rjz134
      rkb323
      rkc870
      rkt650
      rlb384
      rlc386
      rmr581
      rmurphy
      rmv388
      rng795
      rob470
      roberson
      roe534
      rph260
      rpr529
      rqe523
      rqh201
      rqv398
      rrm701
      rrn382
      rsandhu
      rsb352
      rsl468
      rte746
      rtkit
      rue750
      rvm268
      rvn028
      rwl316
      rxs959
      ryl319
      sab270
      saned
      sas248
      scc628
      sdz077
      seo295
      sfk972
      sfq538
      sfv005
      sgc519
      sgj621
      sgn017
      shk245
      shxu
      sja403
      skk793
      skk956
      skq576
      slq584
      smf443
      sni550
      spq686
      spv926
      spx956
      sqc074
      srf737
      srobbins
      ssc715
      sshd
      ssi130
      ssp336
      ssq233
      ssr160
      ssr700
      ssv242
      ssx858
      statd
      stjonak
      stl947
      sud458
      suu735
      svb294
      svc695
      svf633
      svq553
      swf474
      sxk315
      sxo511
      sym261
      sync
      sys
      syslog
      syx009
      szq694
      szw935
      tae015
      taq761
      tbf043
      tbk941
      tck420
      tgw095
      thg650
      tiy272
      tkb442
      tld845
      tmy862
      tongpingliu
      tpp571
      tqd896
      tqs485
      trl332
      tta032
      ttp868
      tue170
      tut056
      tvs869
      twf198
      twt535
      txi646
      tyl348
      tzb425
      tzv794
      ubm700
      ubp655
      ubuntu
      uck475
      udg730
      udl846
      ufk345
      uhc261
      uic155
      uiz112
      uje603
      ukb102
      ulz879
      umd189
      uml-net
      umo850
      ums562
      uni786
      uns618
      uoj778
      uoo983
      urp856
      ury600
      usbmux
      usc179
      Username
      utq264
      uucp
      uvy448
      uwy390
      uxk491
      uxp695
      uxq505
      uyi362
      uyz655
      uzi454
      vaa291
      vab840
      vbg699
      vbj970
      vbl022
      vcb781
      vcd682
      vcj732
      vde2-net
      vdm988
      vdy205
      veh844
      vfi337
      vic094
      vil203
      vjw191
      vkh790
      vkw609
      vlawhern
      vlr453
      vonronne
      voz977
      vql720
      vqv173
      vqx621
      vqx703
      vsf884
      vtt587
      vux564
      vxd973
      vxg529
      vxk940
      vyg037
      vzu944
      vzx840
      wae319
      wagner
      wam806
      wao398
      wbh343
      wce866
      wcy356
      wdv511
      wed055
      wfb926
      wfp610
      wft480
      wfv249
      whoopsie
      wio835
      wir287
      wjq864
      wju859
      wkk364
      wlm861
      wlr314
      wmd895
      wme269
      wmi593
      wnc992
      wne655
      wnf962
      wom120
      womack
      wos180
      wpm361
      wpq160
      wqr974
      wta076
      wte615
      wtp173
      wts479
      wtz966
      wun846
      wvz835
      wwf637
      wwh124
      wwl441
      www-data
      wxb428
      wxf643
      wxi074
      wyh641
      wys925
      wza301
      wzd833
      wze226
      wzhang
      wzj875
      xas495
      xbu153
      xce212
      xct694
      xdk556
      xee621
      xfd242
      xfg886
      xfz309
      xga367
      xge448
      xgj346
      xhe341
      xii523
      xjc469
      xjn192
      xjn529
      xki801
      xkm458
      xlz041
      xmz855
      xne693
      xnh794
      xnw230
      xoe270
      xpl451
      xrn665
      xsi212
      xsm962
      xtl620
      xts813
      xtu966
      xuk334
      xwang
      xww528
      xxc738
      xxi544
      xxy998
      xyg752
      xzd304
      xzh801
      ybu288
      ycv517
      ydj005
      yei254
      yhf649
      yhm961
      yiv422
      yjv649
      yjw297
      ykg006
      yks374
      ymi778
      ymk532
      ymz834
      yng233
      yof995
      yor775
      ypn603
      ypo392
      yqf724
      yri626
      yrm664
      yrq381
      ysk778
      ytang
      yuh277
      yuj954
      yup858
      yvp977
      ywi833
      yxz052
      yyc843
      yzb023
      yzc364
      yzm434
      yzn246
      zad287
      zad964
      zap994
      zbs516
      zcd896
      zch577
      zcs044
      zde199
      zdn158
      zdy262
      zfl957
      zfn653
      zfo839
      zfu534
      zfv431
      ziz179
      zjt628
      zkk900
      zmi177
      znj398
      zoa511
      zph740
      zpk794
      zpp390
      zqk989
      zri912
      zrm836
      zsm005
      zsu177
      zsw997
      zti284
      ztp029
      zua703
      zvd629
      zvx333
      zwl434
      zwp811
      zws426
      zxn384
      zxz155
      zyy294
      zzn974
